

Started GET "/" for 127.0.0.1 at 2014-05-14 19:33:17 -0400
Processing by Rails::WelcomeController#index as HTML
  Rendered C:/RailsInstaller/Ruby1.9.3/lib/ruby/gems/1.9.1/gems/railties-4.0.4/lib/rails/templates/rails/welcome/index.html.erb (41.0ms)
Completed 200 OK in 294ms (Views: 294.0ms | ActiveRecord: 0.0ms)


Started GET "/" for 127.0.0.1 at 2014-05-14 19:33:21 -0400
Processing by Rails::WelcomeController#index as HTML
  Rendered C:/RailsInstaller/Ruby1.9.3/lib/ruby/gems/1.9.1/gems/railties-4.0.4/lib/rails/templates/rails/welcome/index.html.erb (0.0ms)
Completed 200 OK in 9ms (Views: 8.0ms | ActiveRecord: 0.0ms)


Started GET "/" for 127.0.0.1 at 2014-05-14 19:33:21 -0400
Processing by Rails::WelcomeController#index as HTML
  Rendered C:/RailsInstaller/Ruby1.9.3/lib/ruby/gems/1.9.1/gems/railties-4.0.4/lib/rails/templates/rails/welcome/index.html.erb (0.0ms)
Completed 200 OK in 6ms (Views: 6.0ms | ActiveRecord: 0.0ms)


Started GET "/home" for 127.0.0.1 at 2014-05-14 19:33:31 -0400

ActionController::RoutingError (No route matches [GET] "/home"):
  actionpack (4.0.4) lib/action_dispatch/middleware/debug_exceptions.rb:21:in `call'
  actionpack (4.0.4) lib/action_dispatch/middleware/show_exceptions.rb:30:in `call'
  railties (4.0.4) lib/rails/rack/logger.rb:38:in `call_app'
  railties (4.0.4) lib/rails/rack/logger.rb:20:in `block in call'
  activesupport (4.0.4) lib/active_support/tagged_logging.rb:68:in `block in tagged'
  activesupport (4.0.4) lib/active_support/tagged_logging.rb:26:in `tagged'
  activesupport (4.0.4) lib/active_support/tagged_logging.rb:68:in `tagged'
  railties (4.0.4) lib/rails/rack/logger.rb:20:in `call'
  actionpack (4.0.4) lib/action_dispatch/middleware/request_id.rb:21:in `call'
  rack (1.5.2) lib/rack/methodoverride.rb:21:in `call'
  rack (1.5.2) lib/rack/runtime.rb:17:in `call'
  activesupport (4.0.4) lib/active_support/cache/strategy/local_cache.rb:83:in `call'
  rack (1.5.2) lib/rack/lock.rb:17:in `call'
  actionpack (4.0.4) lib/action_dispatch/middleware/static.rb:64:in `call'
  rack (1.5.2) lib/rack/sendfile.rb:112:in `call'
  railties (4.0.4) lib/rails/engine.rb:511:in `call'
  railties (4.0.4) lib/rails/application.rb:97:in `call'
  rack (1.5.2) lib/rack/lock.rb:17:in `call'
  rack (1.5.2) lib/rack/content_length.rb:14:in `call'
  rack (1.5.2) lib/rack/handler/webrick.rb:60:in `service'
  C:/RailsInstaller/Ruby1.9.3/lib/ruby/1.9.1/webrick/httpserver.rb:138:in `service'
  C:/RailsInstaller/Ruby1.9.3/lib/ruby/1.9.1/webrick/httpserver.rb:94:in `run'
  C:/RailsInstaller/Ruby1.9.3/lib/ruby/1.9.1/webrick/server.rb:191:in `block in start_thread'


  Rendered C:/RailsInstaller/Ruby1.9.3/lib/ruby/gems/1.9.1/gems/actionpack-4.0.4/lib/action_dispatch/middleware/templates/rescues/_trace.erb (2.0ms)
  Rendered C:/RailsInstaller/Ruby1.9.3/lib/ruby/gems/1.9.1/gems/actionpack-4.0.4/lib/action_dispatch/middleware/templates/routes/_route.html.erb (2.0ms)
  Rendered C:/RailsInstaller/Ruby1.9.3/lib/ruby/gems/1.9.1/gems/actionpack-4.0.4/lib/action_dispatch/middleware/templates/routes/_table.html.erb (157.0ms)
  Rendered C:/RailsInstaller/Ruby1.9.3/lib/ruby/gems/1.9.1/gems/actionpack-4.0.4/lib/action_dispatch/middleware/templates/rescues/routing_error.erb within rescues/layout (412.0ms)


Started GET "/static_pages/home" for 127.0.0.1 at 2014-05-14 19:33:52 -0400
Processing by StaticPagesController#home as HTML
  Rendered static_pages/home.html.erb within layouts/application (210.0ms)
Completed 500 Internal Server Error in 632ms

ActionView::Template::Error (undefined method `environment' for nil:NilClass
  (in C:/Users/Antpile/Code/rails_projects/sample_app/app/assets/stylesheets/custom.css.scss)):
    2: <html>
    3:     <head>
    4:         <title><%= full_title(yield(:title)) %></title>
    5:         <%= stylesheet_link_tag    "application", media: "all", "data-turbolinks-track" => true %>
    6:         <%= javascript_include_tag "application", "data-turbolinks-track" => true %>
    7:         <%= csrf_meta_tags %>
    8:         <!--[if lt IE 9]>
  app/views/layouts/application.html.erb:5:in `_app_views_layouts_application_html_erb__465315460_31421748'


  Rendered C:/RailsInstaller/Ruby1.9.3/lib/ruby/gems/1.9.1/gems/actionpack-4.0.4/lib/action_dispatch/middleware/templates/rescues/_trace.erb (2.0ms)
  Rendered C:/RailsInstaller/Ruby1.9.3/lib/ruby/gems/1.9.1/gems/actionpack-4.0.4/lib/action_dispatch/middleware/templates/rescues/_request_and_response.erb (80.0ms)
  Rendered C:/RailsInstaller/Ruby1.9.3/lib/ruby/gems/1.9.1/gems/actionpack-4.0.4/lib/action_dispatch/middleware/templates/rescues/template_error.erb within rescues/layout (144.0ms)


Started GET "/static_pages/home" for 127.0.0.1 at 2014-05-14 19:35:15 -0400
Processing by StaticPagesController#home as HTML
  Rendered static_pages/home.html.erb within layouts/application (12.0ms)
Completed 500 Internal Server Error in 98ms

ActionView::Template::Error (undefined method `environment' for nil:NilClass
  (in C:/Users/Antpile/Code/rails_projects/sample_app/app/assets/stylesheets/custom.css.scss)):
    2: <html>
    3:   <head>
    4:     <title><%= full_title(yield(:title)) %></title>
    5:     <%= stylesheet_link_tag "application", media: "all",
    6:                                            "data-turbolinks-track" => true %>
    7:     <%= javascript_include_tag "application", "data-turbolinks-track" => true %>
    8:     <%= csrf_meta_tags %>
  app/views/layouts/application.html.erb:5:in `_app_views_layouts_application_html_erb__465315460_19331928'


  Rendered C:/RailsInstaller/Ruby1.9.3/lib/ruby/gems/1.9.1/gems/actionpack-4.0.4/lib/action_dispatch/middleware/templates/rescues/_trace.erb (4.0ms)
  Rendered C:/RailsInstaller/Ruby1.9.3/lib/ruby/gems/1.9.1/gems/actionpack-4.0.4/lib/action_dispatch/middleware/templates/rescues/_request_and_response.erb (1.0ms)
  Rendered C:/RailsInstaller/Ruby1.9.3/lib/ruby/gems/1.9.1/gems/actionpack-4.0.4/lib/action_dispatch/middleware/templates/rescues/template_error.erb within rescues/layout (35.0ms)


Started GET "/static_pages/home" for 127.0.0.1 at 2014-05-14 20:33:44 -0400
Processing by StaticPagesController#home as HTML
  Rendered static_pages/home.html.erb within layouts/application (20.0ms)
Completed 500 Internal Server Error in 71ms

ActionView::Template::Error (undefined method `environment' for nil:NilClass
  (in C:/Users/Antpile/Code/rails_projects/sample_app/app/assets/stylesheets/custom.css.scss)):
    2: <html>
    3:   <head>
    4:     <title><%= full_title(yield(:title)) %></title>
    5:     <%= stylesheet_link_tag "application", media: "all",
    6:                                            "data-turbolinks-track" => true %>
    7:     <%= javascript_include_tag "application", "data-turbolinks-track" => true %>
    8:     <%= csrf_meta_tags %>
  app/views/layouts/application.html.erb:5:in `_app_views_layouts_application_html_erb__465315460_19331928'


  Rendered C:/RailsInstaller/Ruby1.9.3/lib/ruby/gems/1.9.1/gems/actionpack-4.0.4/lib/action_dispatch/middleware/templates/rescues/_trace.erb (3.0ms)
  Rendered C:/RailsInstaller/Ruby1.9.3/lib/ruby/gems/1.9.1/gems/actionpack-4.0.4/lib/action_dispatch/middleware/templates/rescues/_request_and_response.erb (2.0ms)
  Rendered C:/RailsInstaller/Ruby1.9.3/lib/ruby/gems/1.9.1/gems/actionpack-4.0.4/lib/action_dispatch/middleware/templates/rescues/template_error.erb within rescues/layout (51.0ms)


Started GET "/" for 127.0.0.1 at 2014-05-19 13:15:54 -0400
Processing by Rails::WelcomeController#index as HTML
  Rendered C:/RailsInstaller/Ruby1.9.3/lib/ruby/gems/1.9.1/gems/railties-4.0.4/lib/rails/templates/rails/welcome/index.html.erb (36.0ms)
Completed 200 OK in 318ms (Views: 317.0ms | ActiveRecord: 0.0ms)


Started GET "/users" for 127.0.0.1 at 2014-05-19 13:16:03 -0400

ActionController::RoutingError (No route matches [GET] "/users"):
  actionpack (4.0.4) lib/action_dispatch/middleware/debug_exceptions.rb:21:in `call'
  actionpack (4.0.4) lib/action_dispatch/middleware/show_exceptions.rb:30:in `call'
  railties (4.0.4) lib/rails/rack/logger.rb:38:in `call_app'
  railties (4.0.4) lib/rails/rack/logger.rb:20:in `block in call'
  activesupport (4.0.4) lib/active_support/tagged_logging.rb:68:in `block in tagged'
  activesupport (4.0.4) lib/active_support/tagged_logging.rb:26:in `tagged'
  activesupport (4.0.4) lib/active_support/tagged_logging.rb:68:in `tagged'
  railties (4.0.4) lib/rails/rack/logger.rb:20:in `call'
  actionpack (4.0.4) lib/action_dispatch/middleware/request_id.rb:21:in `call'
  rack (1.5.2) lib/rack/methodoverride.rb:21:in `call'
  rack (1.5.2) lib/rack/runtime.rb:17:in `call'
  activesupport (4.0.4) lib/active_support/cache/strategy/local_cache.rb:83:in `call'
  rack (1.5.2) lib/rack/lock.rb:17:in `call'
  actionpack (4.0.4) lib/action_dispatch/middleware/static.rb:64:in `call'
  rack (1.5.2) lib/rack/sendfile.rb:112:in `call'
  railties (4.0.4) lib/rails/engine.rb:511:in `call'
  railties (4.0.4) lib/rails/application.rb:97:in `call'
  rack (1.5.2) lib/rack/lock.rb:17:in `call'
  rack (1.5.2) lib/rack/content_length.rb:14:in `call'
  rack (1.5.2) lib/rack/handler/webrick.rb:60:in `service'
  C:/RailsInstaller/Ruby1.9.3/lib/ruby/1.9.1/webrick/httpserver.rb:138:in `service'
  C:/RailsInstaller/Ruby1.9.3/lib/ruby/1.9.1/webrick/httpserver.rb:94:in `run'
  C:/RailsInstaller/Ruby1.9.3/lib/ruby/1.9.1/webrick/server.rb:191:in `block in start_thread'


  Rendered C:/RailsInstaller/Ruby1.9.3/lib/ruby/gems/1.9.1/gems/actionpack-4.0.4/lib/action_dispatch/middleware/templates/rescues/_trace.erb (2.0ms)
  Rendered C:/RailsInstaller/Ruby1.9.3/lib/ruby/gems/1.9.1/gems/actionpack-4.0.4/lib/action_dispatch/middleware/templates/routes/_route.html.erb (2.0ms)
  Rendered C:/RailsInstaller/Ruby1.9.3/lib/ruby/gems/1.9.1/gems/actionpack-4.0.4/lib/action_dispatch/middleware/templates/routes/_table.html.erb (143.0ms)
  Rendered C:/RailsInstaller/Ruby1.9.3/lib/ruby/gems/1.9.1/gems/actionpack-4.0.4/lib/action_dispatch/middleware/templates/rescues/routing_error.erb within rescues/layout (374.0ms)


Started GET "/static_pages/home.html" for 127.0.0.1 at 2014-05-19 13:16:11 -0400
Processing by StaticPagesController#home as HTML
  Rendered static_pages/home.html.erb within layouts/application (162.0ms)
DEPRECATION WARNING: asset_url with two arguments is deprecated. Use asset_url("glyphicons-halflings.png") instead. (called from _app_views_layouts_application_html_erb__884112388_31823508 at C:/Users/Antpile/Code/rails_projects/sample_app/app/views/layouts/application.html.erb:5)
DEPRECATION WARNING: asset_url with two arguments is deprecated. Use asset_url("glyphicons-halflings-white.png") instead. (called from _app_views_layouts_application_html_erb__884112388_31823508 at C:/Users/Antpile/Code/rails_projects/sample_app/app/views/layouts/application.html.erb:5)
DEPRECATION WARNING: asset_url with two arguments is deprecated. Use asset_url("glyphicons-halflings.png") instead. (called from _app_views_layouts_application_html_erb__884112388_31823508 at C:/Users/Antpile/Code/rails_projects/sample_app/app/views/layouts/application.html.erb:5)
DEPRECATION WARNING: asset_url with two arguments is deprecated. Use asset_url("glyphicons-halflings-white.png") instead. (called from _app_views_layouts_application_html_erb__884112388_31823508 at C:/Users/Antpile/Code/rails_projects/sample_app/app/views/layouts/application.html.erb:5)
Completed 200 OK in 10759ms (Views: 10757.6ms | ActiveRecord: 0.0ms)


Started GET "/assets/application.css?body=1" for 127.0.0.1 at 2014-05-19 13:16:22 -0400


Started GET "/assets/custom.css?body=1" for 127.0.0.1 at 2014-05-19 13:16:22 -0400


Started GET "/assets/static_pages.css?body=1" for 127.0.0.1 at 2014-05-19 13:16:22 -0400


Started GET "/assets/jquery.js?body=1" for 127.0.0.1 at 2014-05-19 13:16:22 -0400


Started GET "/assets/jquery_ujs.js?body=1" for 127.0.0.1 at 2014-05-19 13:16:22 -0400


Started GET "/assets/turbolinks.js?body=1" for 127.0.0.1 at 2014-05-19 13:16:22 -0400


Started GET "/assets/static_pages.js?body=1" for 127.0.0.1 at 2014-05-19 13:16:22 -0400


Started GET "/assets/application.js?body=1" for 127.0.0.1 at 2014-05-19 13:16:22 -0400


Started GET "/images/rails.png" for 127.0.0.1 at 2014-05-19 13:16:22 -0400

ActionController::RoutingError (No route matches [GET] "/images/rails.png"):
  actionpack (4.0.4) lib/action_dispatch/middleware/debug_exceptions.rb:21:in `call'
  actionpack (4.0.4) lib/action_dispatch/middleware/show_exceptions.rb:30:in `call'
  railties (4.0.4) lib/rails/rack/logger.rb:38:in `call_app'
  railties (4.0.4) lib/rails/rack/logger.rb:20:in `block in call'
  activesupport (4.0.4) lib/active_support/tagged_logging.rb:68:in `block in tagged'
  activesupport (4.0.4) lib/active_support/tagged_logging.rb:26:in `tagged'
  activesupport (4.0.4) lib/active_support/tagged_logging.rb:68:in `tagged'
  railties (4.0.4) lib/rails/rack/logger.rb:20:in `call'
  actionpack (4.0.4) lib/action_dispatch/middleware/request_id.rb:21:in `call'
  rack (1.5.2) lib/rack/methodoverride.rb:21:in `call'
  rack (1.5.2) lib/rack/runtime.rb:17:in `call'
  activesupport (4.0.4) lib/active_support/cache/strategy/local_cache.rb:83:in `call'
  rack (1.5.2) lib/rack/lock.rb:17:in `call'
  actionpack (4.0.4) lib/action_dispatch/middleware/static.rb:64:in `call'
  rack (1.5.2) lib/rack/sendfile.rb:112:in `call'
  railties (4.0.4) lib/rails/engine.rb:511:in `call'
  railties (4.0.4) lib/rails/application.rb:97:in `call'
  rack (1.5.2) lib/rack/lock.rb:17:in `call'
  rack (1.5.2) lib/rack/content_length.rb:14:in `call'
  rack (1.5.2) lib/rack/handler/webrick.rb:60:in `service'
  C:/RailsInstaller/Ruby1.9.3/lib/ruby/1.9.1/webrick/httpserver.rb:138:in `service'
  C:/RailsInstaller/Ruby1.9.3/lib/ruby/1.9.1/webrick/httpserver.rb:94:in `run'
  C:/RailsInstaller/Ruby1.9.3/lib/ruby/1.9.1/webrick/server.rb:191:in `block in start_thread'


  Rendered C:/RailsInstaller/Ruby1.9.3/lib/ruby/gems/1.9.1/gems/actionpack-4.0.4/lib/action_dispatch/middleware/templates/rescues/_trace.erb (3.0ms)
  Rendered C:/RailsInstaller/Ruby1.9.3/lib/ruby/gems/1.9.1/gems/actionpack-4.0.4/lib/action_dispatch/middleware/templates/routes/_route.html.erb (2.0ms)
  Rendered C:/RailsInstaller/Ruby1.9.3/lib/ruby/gems/1.9.1/gems/actionpack-4.0.4/lib/action_dispatch/middleware/templates/routes/_table.html.erb (2.0ms)
  Rendered C:/RailsInstaller/Ruby1.9.3/lib/ruby/gems/1.9.1/gems/actionpack-4.0.4/lib/action_dispatch/middleware/templates/rescues/routing_error.erb within rescues/layout (73.0ms)


Started GET "/static_pages/home.html" for 127.0.0.1 at 2014-05-19 13:34:56 -0400
Processing by StaticPagesController#home as HTML
  Rendered static_pages/home.html.erb within layouts/application (13.0ms)
DEPRECATION WARNING: asset_url with two arguments is deprecated. Use asset_url("glyphicons-halflings.png") instead. (called from _app_views_layouts_application_html_erb__884112388_31823508 at C:/Users/Antpile/Code/rails_projects/sample_app/app/views/layouts/application.html.erb:5)
DEPRECATION WARNING: asset_url with two arguments is deprecated. Use asset_url("glyphicons-halflings-white.png") instead. (called from _app_views_layouts_application_html_erb__884112388_31823508 at C:/Users/Antpile/Code/rails_projects/sample_app/app/views/layouts/application.html.erb:5)
Completed 200 OK in 872ms (Views: 871.0ms | ActiveRecord: 0.0ms)


Started GET "/assets/jquery.js?body=1" for 127.0.0.1 at 2014-05-19 13:34:57 -0400


Started GET "/assets/jquery_ujs.js?body=1" for 127.0.0.1 at 2014-05-19 13:34:57 -0400


Started GET "/assets/turbolinks.js?body=1" for 127.0.0.1 at 2014-05-19 13:34:57 -0400


Started GET "/assets/static_pages.js?body=1" for 127.0.0.1 at 2014-05-19 13:34:57 -0400


Started GET "/assets/application.js?body=1" for 127.0.0.1 at 2014-05-19 13:34:57 -0400


Started GET "/images/rails.png" for 127.0.0.1 at 2014-05-19 13:34:57 -0400

ActionController::RoutingError (No route matches [GET] "/images/rails.png"):
  actionpack (4.0.4) lib/action_dispatch/middleware/debug_exceptions.rb:21:in `call'
  actionpack (4.0.4) lib/action_dispatch/middleware/show_exceptions.rb:30:in `call'
  railties (4.0.4) lib/rails/rack/logger.rb:38:in `call_app'
  railties (4.0.4) lib/rails/rack/logger.rb:20:in `block in call'
  activesupport (4.0.4) lib/active_support/tagged_logging.rb:68:in `block in tagged'
  activesupport (4.0.4) lib/active_support/tagged_logging.rb:26:in `tagged'
  activesupport (4.0.4) lib/active_support/tagged_logging.rb:68:in `tagged'
  railties (4.0.4) lib/rails/rack/logger.rb:20:in `call'
  actionpack (4.0.4) lib/action_dispatch/middleware/request_id.rb:21:in `call'
  rack (1.5.2) lib/rack/methodoverride.rb:21:in `call'
  rack (1.5.2) lib/rack/runtime.rb:17:in `call'
  activesupport (4.0.4) lib/active_support/cache/strategy/local_cache.rb:83:in `call'
  rack (1.5.2) lib/rack/lock.rb:17:in `call'
  actionpack (4.0.4) lib/action_dispatch/middleware/static.rb:64:in `call'
  rack (1.5.2) lib/rack/sendfile.rb:112:in `call'
  railties (4.0.4) lib/rails/engine.rb:511:in `call'
  railties (4.0.4) lib/rails/application.rb:97:in `call'
  rack (1.5.2) lib/rack/lock.rb:17:in `call'
  rack (1.5.2) lib/rack/content_length.rb:14:in `call'
  rack (1.5.2) lib/rack/handler/webrick.rb:60:in `service'
  C:/RailsInstaller/Ruby1.9.3/lib/ruby/1.9.1/webrick/httpserver.rb:138:in `service'
  C:/RailsInstaller/Ruby1.9.3/lib/ruby/1.9.1/webrick/httpserver.rb:94:in `run'
  C:/RailsInstaller/Ruby1.9.3/lib/ruby/1.9.1/webrick/server.rb:191:in `block in start_thread'


  Rendered C:/RailsInstaller/Ruby1.9.3/lib/ruby/gems/1.9.1/gems/actionpack-4.0.4/lib/action_dispatch/middleware/templates/rescues/_trace.erb (2.0ms)
  Rendered C:/RailsInstaller/Ruby1.9.3/lib/ruby/gems/1.9.1/gems/actionpack-4.0.4/lib/action_dispatch/middleware/templates/routes/_route.html.erb (2.0ms)
  Rendered C:/RailsInstaller/Ruby1.9.3/lib/ruby/gems/1.9.1/gems/actionpack-4.0.4/lib/action_dispatch/middleware/templates/routes/_table.html.erb (2.0ms)
  Rendered C:/RailsInstaller/Ruby1.9.3/lib/ruby/gems/1.9.1/gems/actionpack-4.0.4/lib/action_dispatch/middleware/templates/rescues/routing_error.erb within rescues/layout (66.0ms)


Started GET "/static_pages/home.html" for 127.0.0.1 at 2014-05-19 13:36:05 -0400
Processing by StaticPagesController#home as HTML
  Rendered static_pages/home.html.erb within layouts/application (38.0ms)
Completed 200 OK in 64ms (Views: 62.0ms | ActiveRecord: 0.0ms)


Started GET "/assets/jquery.js?body=1" for 127.0.0.1 at 2014-05-19 13:36:05 -0400


Started GET "/assets/turbolinks.js?body=1" for 127.0.0.1 at 2014-05-19 13:36:05 -0400


Started GET "/assets/jquery_ujs.js?body=1" for 127.0.0.1 at 2014-05-19 13:36:05 -0400


Started GET "/assets/static_pages.js?body=1" for 127.0.0.1 at 2014-05-19 13:36:05 -0400


Started GET "/assets/application.js?body=1" for 127.0.0.1 at 2014-05-19 13:36:05 -0400


Started GET "/images/rails.png" for 127.0.0.1 at 2014-05-19 13:36:05 -0400

ActionController::RoutingError (No route matches [GET] "/images/rails.png"):
  actionpack (4.0.4) lib/action_dispatch/middleware/debug_exceptions.rb:21:in `call'
  actionpack (4.0.4) lib/action_dispatch/middleware/show_exceptions.rb:30:in `call'
  railties (4.0.4) lib/rails/rack/logger.rb:38:in `call_app'
  railties (4.0.4) lib/rails/rack/logger.rb:20:in `block in call'
  activesupport (4.0.4) lib/active_support/tagged_logging.rb:68:in `block in tagged'
  activesupport (4.0.4) lib/active_support/tagged_logging.rb:26:in `tagged'
  activesupport (4.0.4) lib/active_support/tagged_logging.rb:68:in `tagged'
  railties (4.0.4) lib/rails/rack/logger.rb:20:in `call'
  actionpack (4.0.4) lib/action_dispatch/middleware/request_id.rb:21:in `call'
  rack (1.5.2) lib/rack/methodoverride.rb:21:in `call'
  rack (1.5.2) lib/rack/runtime.rb:17:in `call'
  activesupport (4.0.4) lib/active_support/cache/strategy/local_cache.rb:83:in `call'
  rack (1.5.2) lib/rack/lock.rb:17:in `call'
  actionpack (4.0.4) lib/action_dispatch/middleware/static.rb:64:in `call'
  rack (1.5.2) lib/rack/sendfile.rb:112:in `call'
  railties (4.0.4) lib/rails/engine.rb:511:in `call'
  railties (4.0.4) lib/rails/application.rb:97:in `call'
  rack (1.5.2) lib/rack/lock.rb:17:in `call'
  rack (1.5.2) lib/rack/content_length.rb:14:in `call'
  rack (1.5.2) lib/rack/handler/webrick.rb:60:in `service'
  C:/RailsInstaller/Ruby1.9.3/lib/ruby/1.9.1/webrick/httpserver.rb:138:in `service'
  C:/RailsInstaller/Ruby1.9.3/lib/ruby/1.9.1/webrick/httpserver.rb:94:in `run'
  C:/RailsInstaller/Ruby1.9.3/lib/ruby/1.9.1/webrick/server.rb:191:in `block in start_thread'


  Rendered C:/RailsInstaller/Ruby1.9.3/lib/ruby/gems/1.9.1/gems/actionpack-4.0.4/lib/action_dispatch/middleware/templates/rescues/_trace.erb (2.0ms)
  Rendered C:/RailsInstaller/Ruby1.9.3/lib/ruby/gems/1.9.1/gems/actionpack-4.0.4/lib/action_dispatch/middleware/templates/routes/_route.html.erb (2.0ms)
  Rendered C:/RailsInstaller/Ruby1.9.3/lib/ruby/gems/1.9.1/gems/actionpack-4.0.4/lib/action_dispatch/middleware/templates/routes/_table.html.erb (1.0ms)
  Rendered C:/RailsInstaller/Ruby1.9.3/lib/ruby/gems/1.9.1/gems/actionpack-4.0.4/lib/action_dispatch/middleware/templates/rescues/routing_error.erb within rescues/layout (53.0ms)


Started GET "/static_pages/home.html" for 127.0.0.1 at 2014-05-19 13:37:50 -0400
Processing by StaticPagesController#home as HTML
  Rendered static_pages/home.html.erb within layouts/application (42.0ms)
DEPRECATION WARNING: asset_url with two arguments is deprecated. Use asset_url("glyphicons-halflings.png") instead. (called from _app_views_layouts_application_html_erb___707237112_38348424 at C:/Users/Antpile/Code/rails_projects/sample_app/app/views/layouts/application.html.erb:5)
DEPRECATION WARNING: asset_url with two arguments is deprecated. Use asset_url("glyphicons-halflings-white.png") instead. (called from _app_views_layouts_application_html_erb___707237112_38348424 at C:/Users/Antpile/Code/rails_projects/sample_app/app/views/layouts/application.html.erb:5)
Completed 200 OK in 999ms (Views: 997.1ms | ActiveRecord: 0.0ms)


Started GET "/assets/turbolinks.js?body=1" for 127.0.0.1 at 2014-05-19 13:37:52 -0400


Started GET "/assets/jquery_ujs.js?body=1" for 127.0.0.1 at 2014-05-19 13:37:52 -0400


Started GET "/assets/jquery.js?body=1" for 127.0.0.1 at 2014-05-19 13:37:52 -0400


Started GET "/assets/static_pages.js?body=1" for 127.0.0.1 at 2014-05-19 13:37:52 -0400


Started GET "/assets/application.js?body=1" for 127.0.0.1 at 2014-05-19 13:37:52 -0400


Started GET "/images/rails.png" for 127.0.0.1 at 2014-05-19 13:37:52 -0400

ActionController::RoutingError (No route matches [GET] "/images/rails.png"):
  actionpack (4.0.4) lib/action_dispatch/middleware/debug_exceptions.rb:21:in `call'
  actionpack (4.0.4) lib/action_dispatch/middleware/show_exceptions.rb:30:in `call'
  railties (4.0.4) lib/rails/rack/logger.rb:38:in `call_app'
  railties (4.0.4) lib/rails/rack/logger.rb:20:in `block in call'
  activesupport (4.0.4) lib/active_support/tagged_logging.rb:68:in `block in tagged'
  activesupport (4.0.4) lib/active_support/tagged_logging.rb:26:in `tagged'
  activesupport (4.0.4) lib/active_support/tagged_logging.rb:68:in `tagged'
  railties (4.0.4) lib/rails/rack/logger.rb:20:in `call'
  actionpack (4.0.4) lib/action_dispatch/middleware/request_id.rb:21:in `call'
  rack (1.5.2) lib/rack/methodoverride.rb:21:in `call'
  rack (1.5.2) lib/rack/runtime.rb:17:in `call'
  activesupport (4.0.4) lib/active_support/cache/strategy/local_cache.rb:83:in `call'
  rack (1.5.2) lib/rack/lock.rb:17:in `call'
  actionpack (4.0.4) lib/action_dispatch/middleware/static.rb:64:in `call'
  rack (1.5.2) lib/rack/sendfile.rb:112:in `call'
  railties (4.0.4) lib/rails/engine.rb:511:in `call'
  railties (4.0.4) lib/rails/application.rb:97:in `call'
  rack (1.5.2) lib/rack/lock.rb:17:in `call'
  rack (1.5.2) lib/rack/content_length.rb:14:in `call'
  rack (1.5.2) lib/rack/handler/webrick.rb:60:in `service'
  C:/RailsInstaller/Ruby1.9.3/lib/ruby/1.9.1/webrick/httpserver.rb:138:in `service'
  C:/RailsInstaller/Ruby1.9.3/lib/ruby/1.9.1/webrick/httpserver.rb:94:in `run'
  C:/RailsInstaller/Ruby1.9.3/lib/ruby/1.9.1/webrick/server.rb:191:in `block in start_thread'


  Rendered C:/RailsInstaller/Ruby1.9.3/lib/ruby/gems/1.9.1/gems/actionpack-4.0.4/lib/action_dispatch/middleware/templates/rescues/_trace.erb (3.0ms)
  Rendered C:/RailsInstaller/Ruby1.9.3/lib/ruby/gems/1.9.1/gems/actionpack-4.0.4/lib/action_dispatch/middleware/templates/routes/_route.html.erb (1.0ms)
  Rendered C:/RailsInstaller/Ruby1.9.3/lib/ruby/gems/1.9.1/gems/actionpack-4.0.4/lib/action_dispatch/middleware/templates/routes/_table.html.erb (40.0ms)
  Rendered C:/RailsInstaller/Ruby1.9.3/lib/ruby/gems/1.9.1/gems/actionpack-4.0.4/lib/action_dispatch/middleware/templates/rescues/routing_error.erb within rescues/layout (111.0ms)


Started GET "/static_pages/home.html" for 127.0.0.1 at 2014-05-19 13:41:46 -0400
Processing by StaticPagesController#home as HTML
  Rendered static_pages/home.html.erb within layouts/application (13.0ms)
DEPRECATION WARNING: asset_url with two arguments is deprecated. Use asset_url("glyphicons-halflings.png") instead. (called from _app_views_layouts_application_html_erb___707237112_32715936 at C:/Users/Antpile/Code/rails_projects/sample_app/app/views/layouts/application.html.erb:5)
DEPRECATION WARNING: asset_url with two arguments is deprecated. Use asset_url("glyphicons-halflings-white.png") instead. (called from _app_views_layouts_application_html_erb___707237112_32715936 at C:/Users/Antpile/Code/rails_projects/sample_app/app/views/layouts/application.html.erb:5)
Completed 500 Internal Server Error in 928ms

ActionView::Template::Error (Missing partial layouts/shim with {:locale=>[:en], :formats=>[:html], :handlers=>[:erb, :builder, :raw, :ruby, :jbuilder, :coffee]}. Searched in:
  * "C:/Users/Antpile/Code/rails_projects/sample_app/app/views"
):
     5:     <%= stylesheet_link_tag "application", media: "all" %>
     6:     <%= javascript_include_tag "application" %>
     7:     <%= csrf_meta_tags %>
     8:     <%= render 'layouts/shim' %>
     9:   </head>
    10:   <body>
    11:     <header class="navbar navbar-fixed-top navbar-inverse">
  app/views/layouts/application.html.erb:8:in `_app_views_layouts_application_html_erb___707237112_32715936'


  Rendered C:/RailsInstaller/Ruby1.9.3/lib/ruby/gems/1.9.1/gems/actionpack-4.0.4/lib/action_dispatch/middleware/templates/rescues/_trace.erb (3.0ms)
  Rendered C:/RailsInstaller/Ruby1.9.3/lib/ruby/gems/1.9.1/gems/actionpack-4.0.4/lib/action_dispatch/middleware/templates/rescues/_request_and_response.erb (1.0ms)
  Rendered C:/RailsInstaller/Ruby1.9.3/lib/ruby/gems/1.9.1/gems/actionpack-4.0.4/lib/action_dispatch/middleware/templates/rescues/template_error.erb within rescues/layout (94.0ms)


Started GET "/static_pages/home.html" for 127.0.0.1 at 2014-05-19 13:42:48 -0400
Processing by StaticPagesController#home as HTML
  Rendered static_pages/home.html.erb within layouts/application (11.0ms)
  Rendered layouts/_shim.html.erb (0.0ms)
Completed 200 OK in 37ms (Views: 36.0ms | ActiveRecord: 0.0ms)


Started GET "/assets/application.css?body=1" for 127.0.0.1 at 2014-05-19 13:42:48 -0400


Started GET "/assets/static_pages.css?body=1" for 127.0.0.1 at 2014-05-19 13:42:48 -0400


Started GET "/assets/jquery.js?body=1" for 127.0.0.1 at 2014-05-19 13:42:48 -0400


Started GET "/assets/custom.css?body=1" for 127.0.0.1 at 2014-05-19 13:42:48 -0400


Started GET "/assets/jquery_ujs.js?body=1" for 127.0.0.1 at 2014-05-19 13:42:48 -0400


Started GET "/assets/turbolinks.js?body=1" for 127.0.0.1 at 2014-05-19 13:42:48 -0400


Started GET "/assets/static_pages.js?body=1" for 127.0.0.1 at 2014-05-19 13:42:48 -0400


Started GET "/assets/application.js?body=1" for 127.0.0.1 at 2014-05-19 13:42:48 -0400


Started GET "/images/rails.png" for 127.0.0.1 at 2014-05-19 13:42:48 -0400

ActionController::RoutingError (No route matches [GET] "/images/rails.png"):
  actionpack (4.0.4) lib/action_dispatch/middleware/debug_exceptions.rb:21:in `call'
  actionpack (4.0.4) lib/action_dispatch/middleware/show_exceptions.rb:30:in `call'
  railties (4.0.4) lib/rails/rack/logger.rb:38:in `call_app'
  railties (4.0.4) lib/rails/rack/logger.rb:20:in `block in call'
  activesupport (4.0.4) lib/active_support/tagged_logging.rb:68:in `block in tagged'
  activesupport (4.0.4) lib/active_support/tagged_logging.rb:26:in `tagged'
  activesupport (4.0.4) lib/active_support/tagged_logging.rb:68:in `tagged'
  railties (4.0.4) lib/rails/rack/logger.rb:20:in `call'
  actionpack (4.0.4) lib/action_dispatch/middleware/request_id.rb:21:in `call'
  rack (1.5.2) lib/rack/methodoverride.rb:21:in `call'
  rack (1.5.2) lib/rack/runtime.rb:17:in `call'
  activesupport (4.0.4) lib/active_support/cache/strategy/local_cache.rb:83:in `call'
  rack (1.5.2) lib/rack/lock.rb:17:in `call'
  actionpack (4.0.4) lib/action_dispatch/middleware/static.rb:64:in `call'
  rack (1.5.2) lib/rack/sendfile.rb:112:in `call'
  railties (4.0.4) lib/rails/engine.rb:511:in `call'
  railties (4.0.4) lib/rails/application.rb:97:in `call'
  rack (1.5.2) lib/rack/lock.rb:17:in `call'
  rack (1.5.2) lib/rack/content_length.rb:14:in `call'
  rack (1.5.2) lib/rack/handler/webrick.rb:60:in `service'
  C:/RailsInstaller/Ruby1.9.3/lib/ruby/1.9.1/webrick/httpserver.rb:138:in `service'
  C:/RailsInstaller/Ruby1.9.3/lib/ruby/1.9.1/webrick/httpserver.rb:94:in `run'
  C:/RailsInstaller/Ruby1.9.3/lib/ruby/1.9.1/webrick/server.rb:191:in `block in start_thread'


  Rendered C:/RailsInstaller/Ruby1.9.3/lib/ruby/gems/1.9.1/gems/actionpack-4.0.4/lib/action_dispatch/middleware/templates/rescues/_trace.erb (2.0ms)
  Rendered C:/RailsInstaller/Ruby1.9.3/lib/ruby/gems/1.9.1/gems/actionpack-4.0.4/lib/action_dispatch/middleware/templates/routes/_route.html.erb (2.0ms)
  Rendered C:/RailsInstaller/Ruby1.9.3/lib/ruby/gems/1.9.1/gems/actionpack-4.0.4/lib/action_dispatch/middleware/templates/routes/_table.html.erb (3.0ms)
  Rendered C:/RailsInstaller/Ruby1.9.3/lib/ruby/gems/1.9.1/gems/actionpack-4.0.4/lib/action_dispatch/middleware/templates/rescues/routing_error.erb within rescues/layout (65.0ms)


Started GET "/static_pages/home.html" for 127.0.0.1 at 2014-05-19 13:50:58 -0400
Processing by StaticPagesController#home as HTML
  Rendered static_pages/home.html.erb within layouts/application (14.0ms)
  Rendered layouts/_shim.html.erb (0.0ms)
  Rendered layouts/_header.html.erb (33.0ms)
Completed 500 Internal Server Error in 83ms

SyntaxError (C:/Users/Antpile/Code/rails_projects/sample_app/app/views/layouts/_header.html.erb:7: syntax error, unexpected ')'
...append=( link_to "Home", '#', );@output_buffer.safe_append='...
...                               ^
C:/Users/Antpile/Code/rails_projects/sample_app/app/views/layouts/_header.html.erb:9: syntax error, unexpected '<', expecting ')'
                    <li>';@output_buffer.append=( ...
                     ^
C:/Users/Antpile/Code/rails_projects/sample_app/app/views/layouts/_header.html.erb:10: syntax error, unexpected '<', expecting ')'
                </ul>
                 ^
C:/Users/Antpile/Code/rails_projects/sample_app/app/views/layouts/_header.html.erb:11: unknown regexp options - av
C:/Users/Antpile/Code/rails_projects/sample_app/app/views/layouts/_header.html.erb:12: syntax error, unexpected '<'
        </div>
         ^
C:/Users/Antpile/Code/rails_projects/sample_app/app/views/layouts/_header.html.erb:13: unknown regexp options - dv
C:/Users/Antpile/Code/rails_projects/sample_app/app/views/layouts/_header.html.erb:14: syntax error, unexpected '<'
</header>';@output_buffer.to_s
 ^
C:/Users/Antpile/Code/rails_projects/sample_app/app/views/layouts/_header.html.erb:14: unterminated regexp meets end of file):
  app/views/layouts/application.html.erb:11:in `_app_views_layouts_application_html_erb___707237112_32798640'


  Rendered C:/RailsInstaller/Ruby1.9.3/lib/ruby/gems/1.9.1/gems/actionpack-4.0.4/lib/action_dispatch/middleware/templates/rescues/_source.erb (1.0ms)
  Rendered C:/RailsInstaller/Ruby1.9.3/lib/ruby/gems/1.9.1/gems/actionpack-4.0.4/lib/action_dispatch/middleware/templates/rescues/_trace.erb (2.0ms)
  Rendered C:/RailsInstaller/Ruby1.9.3/lib/ruby/gems/1.9.1/gems/actionpack-4.0.4/lib/action_dispatch/middleware/templates/rescues/_request_and_response.erb (3.0ms)
  Rendered C:/RailsInstaller/Ruby1.9.3/lib/ruby/gems/1.9.1/gems/actionpack-4.0.4/lib/action_dispatch/middleware/templates/rescues/diagnostics.erb within rescues/layout (65.0ms)


Started GET "/static_pages/home.html" for 127.0.0.1 at 2014-05-19 13:52:55 -0400
Processing by StaticPagesController#home as HTML
  Rendered static_pages/home.html.erb within layouts/application (11.0ms)
  Rendered layouts/_shim.html.erb (0.0ms)
  Rendered layouts/_header.html.erb (1.0ms)
Completed 500 Internal Server Error in 41ms

SyntaxError (C:/Users/Antpile/Code/rails_projects/sample_app/app/views/layouts/_header.html.erb:9: syntax error, unexpected '<', expecting ')'
                    <li>';@output_buffer.append=( ...
                     ^
C:/Users/Antpile/Code/rails_projects/sample_app/app/views/layouts/_header.html.erb:10: syntax error, unexpected '<', expecting ')'
                </ul>
                 ^
C:/Users/Antpile/Code/rails_projects/sample_app/app/views/layouts/_header.html.erb:11: unknown regexp options - av
C:/Users/Antpile/Code/rails_projects/sample_app/app/views/layouts/_header.html.erb:12: syntax error, unexpected '<'
        </div>
         ^
C:/Users/Antpile/Code/rails_projects/sample_app/app/views/layouts/_header.html.erb:13: unknown regexp options - dv
C:/Users/Antpile/Code/rails_projects/sample_app/app/views/layouts/_header.html.erb:14: syntax error, unexpected '<'
</header>';@output_buffer.to_s
 ^
C:/Users/Antpile/Code/rails_projects/sample_app/app/views/layouts/_header.html.erb:14: unterminated regexp meets end of file):
  app/views/layouts/application.html.erb:11:in `_app_views_layouts_application_html_erb___707237112_32798640'


  Rendered C:/RailsInstaller/Ruby1.9.3/lib/ruby/gems/1.9.1/gems/actionpack-4.0.4/lib/action_dispatch/middleware/templates/rescues/_source.erb (1.0ms)
  Rendered C:/RailsInstaller/Ruby1.9.3/lib/ruby/gems/1.9.1/gems/actionpack-4.0.4/lib/action_dispatch/middleware/templates/rescues/_trace.erb (2.0ms)
  Rendered C:/RailsInstaller/Ruby1.9.3/lib/ruby/gems/1.9.1/gems/actionpack-4.0.4/lib/action_dispatch/middleware/templates/rescues/_request_and_response.erb (2.0ms)
  Rendered C:/RailsInstaller/Ruby1.9.3/lib/ruby/gems/1.9.1/gems/actionpack-4.0.4/lib/action_dispatch/middleware/templates/rescues/diagnostics.erb within rescues/layout (47.0ms)


Started GET "/static_pages/home.html" for 127.0.0.1 at 2014-05-19 13:54:56 -0400
Processing by StaticPagesController#home as HTML
  Rendered static_pages/home.html.erb within layouts/application (13.0ms)
  Rendered layouts/_shim.html.erb (0.0ms)
  Rendered layouts/_header.html.erb (1.0ms)
Completed 500 Internal Server Error in 44ms

SyntaxError (C:/Users/Antpile/Code/rails_projects/sample_app/app/views/layouts/_header.html.erb:9: syntax error, unexpected '<', expecting ')'
                    <li>';@output_buffer.append=( ...
                     ^
C:/Users/Antpile/Code/rails_projects/sample_app/app/views/layouts/_header.html.erb:10: syntax error, unexpected '<', expecting ')'
                </ul>
                 ^
C:/Users/Antpile/Code/rails_projects/sample_app/app/views/layouts/_header.html.erb:11: unknown regexp options - av
C:/Users/Antpile/Code/rails_projects/sample_app/app/views/layouts/_header.html.erb:12: syntax error, unexpected '<'
        </div>
         ^
C:/Users/Antpile/Code/rails_projects/sample_app/app/views/layouts/_header.html.erb:13: unknown regexp options - dv
C:/Users/Antpile/Code/rails_projects/sample_app/app/views/layouts/_header.html.erb:14: syntax error, unexpected '<'
</header>';@output_buffer.to_s
 ^
C:/Users/Antpile/Code/rails_projects/sample_app/app/views/layouts/_header.html.erb:14: unterminated regexp meets end of file):
  app/views/layouts/application.html.erb:11:in `_app_views_layouts_application_html_erb___707237112_32798640'


  Rendered C:/RailsInstaller/Ruby1.9.3/lib/ruby/gems/1.9.1/gems/actionpack-4.0.4/lib/action_dispatch/middleware/templates/rescues/_source.erb (1.0ms)
  Rendered C:/RailsInstaller/Ruby1.9.3/lib/ruby/gems/1.9.1/gems/actionpack-4.0.4/lib/action_dispatch/middleware/templates/rescues/_trace.erb (2.0ms)
  Rendered C:/RailsInstaller/Ruby1.9.3/lib/ruby/gems/1.9.1/gems/actionpack-4.0.4/lib/action_dispatch/middleware/templates/rescues/_request_and_response.erb (2.0ms)
  Rendered C:/RailsInstaller/Ruby1.9.3/lib/ruby/gems/1.9.1/gems/actionpack-4.0.4/lib/action_dispatch/middleware/templates/rescues/diagnostics.erb within rescues/layout (45.0ms)


Started GET "/static_pages/home.html" for 127.0.0.1 at 2014-05-19 13:54:57 -0400
Processing by StaticPagesController#home as HTML
  Rendered static_pages/home.html.erb within layouts/application (10.0ms)
  Rendered layouts/_shim.html.erb (0.0ms)
  Rendered layouts/_header.html.erb (0.0ms)
Completed 500 Internal Server Error in 64ms

SyntaxError (C:/Users/Antpile/Code/rails_projects/sample_app/app/views/layouts/_header.html.erb:9: syntax error, unexpected '<', expecting ')'
                    <li>';@output_buffer.append=( ...
                     ^
C:/Users/Antpile/Code/rails_projects/sample_app/app/views/layouts/_header.html.erb:10: syntax error, unexpected '<', expecting ')'
                </ul>
                 ^
C:/Users/Antpile/Code/rails_projects/sample_app/app/views/layouts/_header.html.erb:11: unknown regexp options - av
C:/Users/Antpile/Code/rails_projects/sample_app/app/views/layouts/_header.html.erb:12: syntax error, unexpected '<'
        </div>
         ^
C:/Users/Antpile/Code/rails_projects/sample_app/app/views/layouts/_header.html.erb:13: unknown regexp options - dv
C:/Users/Antpile/Code/rails_projects/sample_app/app/views/layouts/_header.html.erb:14: syntax error, unexpected '<'
</header>';@output_buffer.to_s
 ^
C:/Users/Antpile/Code/rails_projects/sample_app/app/views/layouts/_header.html.erb:14: unterminated regexp meets end of file):
  app/views/layouts/application.html.erb:11:in `_app_views_layouts_application_html_erb___707237112_32798640'


  Rendered C:/RailsInstaller/Ruby1.9.3/lib/ruby/gems/1.9.1/gems/actionpack-4.0.4/lib/action_dispatch/middleware/templates/rescues/_source.erb (2.0ms)
  Rendered C:/RailsInstaller/Ruby1.9.3/lib/ruby/gems/1.9.1/gems/actionpack-4.0.4/lib/action_dispatch/middleware/templates/rescues/_trace.erb (2.0ms)
  Rendered C:/RailsInstaller/Ruby1.9.3/lib/ruby/gems/1.9.1/gems/actionpack-4.0.4/lib/action_dispatch/middleware/templates/rescues/_request_and_response.erb (1.0ms)
  Rendered C:/RailsInstaller/Ruby1.9.3/lib/ruby/gems/1.9.1/gems/actionpack-4.0.4/lib/action_dispatch/middleware/templates/rescues/diagnostics.erb within rescues/layout (44.0ms)


Started GET "/static_pages/home.html" for 127.0.0.1 at 2014-05-19 13:55:16 -0400
Processing by StaticPagesController#home as HTML
  Rendered static_pages/home.html.erb within layouts/application (12.0ms)
  Rendered layouts/_shim.html.erb (0.0ms)
  Rendered layouts/_header.html.erb (1.0ms)
Completed 500 Internal Server Error in 45ms

SyntaxError (C:/Users/Antpile/Code/rails_projects/sample_app/app/views/layouts/_header.html.erb:9: syntax error, unexpected '<', expecting ')'
                    <li>';@output_buffer.append=( ...
                     ^
C:/Users/Antpile/Code/rails_projects/sample_app/app/views/layouts/_header.html.erb:10: syntax error, unexpected '<', expecting ')'
                </ul>
                 ^
C:/Users/Antpile/Code/rails_projects/sample_app/app/views/layouts/_header.html.erb:11: unknown regexp options - av
C:/Users/Antpile/Code/rails_projects/sample_app/app/views/layouts/_header.html.erb:12: syntax error, unexpected '<'
        </div>
         ^
C:/Users/Antpile/Code/rails_projects/sample_app/app/views/layouts/_header.html.erb:13: unknown regexp options - dv
C:/Users/Antpile/Code/rails_projects/sample_app/app/views/layouts/_header.html.erb:14: syntax error, unexpected '<'
</header>';@output_buffer.to_s
 ^
C:/Users/Antpile/Code/rails_projects/sample_app/app/views/layouts/_header.html.erb:14: unterminated regexp meets end of file):
  app/views/layouts/application.html.erb:12:in `_app_views_layouts_application_html_erb___707237112_32521812'


  Rendered C:/RailsInstaller/Ruby1.9.3/lib/ruby/gems/1.9.1/gems/actionpack-4.0.4/lib/action_dispatch/middleware/templates/rescues/_source.erb (1.0ms)
  Rendered C:/RailsInstaller/Ruby1.9.3/lib/ruby/gems/1.9.1/gems/actionpack-4.0.4/lib/action_dispatch/middleware/templates/rescues/_trace.erb (2.0ms)
  Rendered C:/RailsInstaller/Ruby1.9.3/lib/ruby/gems/1.9.1/gems/actionpack-4.0.4/lib/action_dispatch/middleware/templates/rescues/_request_and_response.erb (2.0ms)
  Rendered C:/RailsInstaller/Ruby1.9.3/lib/ruby/gems/1.9.1/gems/actionpack-4.0.4/lib/action_dispatch/middleware/templates/rescues/diagnostics.erb within rescues/layout (46.0ms)


Started GET "/static_pages/home.html" for 127.0.0.1 at 2014-05-19 13:55:18 -0400
Processing by StaticPagesController#home as HTML
  Rendered static_pages/home.html.erb within layouts/application (11.0ms)
  Rendered layouts/_shim.html.erb (0.0ms)
  Rendered layouts/_header.html.erb (1.0ms)
Completed 500 Internal Server Error in 38ms

SyntaxError (C:/Users/Antpile/Code/rails_projects/sample_app/app/views/layouts/_header.html.erb:9: syntax error, unexpected '<', expecting ')'
                    <li>';@output_buffer.append=( ...
                     ^
C:/Users/Antpile/Code/rails_projects/sample_app/app/views/layouts/_header.html.erb:10: syntax error, unexpected '<', expecting ')'
                </ul>
                 ^
C:/Users/Antpile/Code/rails_projects/sample_app/app/views/layouts/_header.html.erb:11: unknown regexp options - av
C:/Users/Antpile/Code/rails_projects/sample_app/app/views/layouts/_header.html.erb:12: syntax error, unexpected '<'
        </div>
         ^
C:/Users/Antpile/Code/rails_projects/sample_app/app/views/layouts/_header.html.erb:13: unknown regexp options - dv
C:/Users/Antpile/Code/rails_projects/sample_app/app/views/layouts/_header.html.erb:14: syntax error, unexpected '<'
</header>';@output_buffer.to_s
 ^
C:/Users/Antpile/Code/rails_projects/sample_app/app/views/layouts/_header.html.erb:14: unterminated regexp meets end of file):
  app/views/layouts/application.html.erb:12:in `_app_views_layouts_application_html_erb___707237112_32521812'


  Rendered C:/RailsInstaller/Ruby1.9.3/lib/ruby/gems/1.9.1/gems/actionpack-4.0.4/lib/action_dispatch/middleware/templates/rescues/_source.erb (1.0ms)
  Rendered C:/RailsInstaller/Ruby1.9.3/lib/ruby/gems/1.9.1/gems/actionpack-4.0.4/lib/action_dispatch/middleware/templates/rescues/_trace.erb (2.0ms)
  Rendered C:/RailsInstaller/Ruby1.9.3/lib/ruby/gems/1.9.1/gems/actionpack-4.0.4/lib/action_dispatch/middleware/templates/rescues/_request_and_response.erb (1.0ms)
  Rendered C:/RailsInstaller/Ruby1.9.3/lib/ruby/gems/1.9.1/gems/actionpack-4.0.4/lib/action_dispatch/middleware/templates/rescues/diagnostics.erb within rescues/layout (43.0ms)


Started GET "/static_pages/home.html" for 127.0.0.1 at 2014-05-19 13:59:15 -0400
Processing by StaticPagesController#home as HTML
  Rendered static_pages/home.html.erb within layouts/application (13.0ms)
  Rendered layouts/_shim.html.erb (0.0ms)
  Rendered layouts/_footer.html.erb (0.0ms)
Completed 200 OK in 49ms (Views: 47.0ms | ActiveRecord: 0.0ms)


Started GET "/assets/application.css?body=1" for 127.0.0.1 at 2014-05-19 13:59:15 -0400


Started GET "/assets/custom.css?body=1" for 127.0.0.1 at 2014-05-19 13:59:15 -0400


Started GET "/assets/turbolinks.js?body=1" for 127.0.0.1 at 2014-05-19 13:59:15 -0400


Started GET "/assets/static_pages.css?body=1" for 127.0.0.1 at 2014-05-19 13:59:15 -0400


Started GET "/assets/jquery.js?body=1" for 127.0.0.1 at 2014-05-19 13:59:15 -0400


Started GET "/assets/jquery_ujs.js?body=1" for 127.0.0.1 at 2014-05-19 13:59:15 -0400


Started GET "/assets/static_pages.js?body=1" for 127.0.0.1 at 2014-05-19 13:59:15 -0400


Started GET "/assets/application.js?body=1" for 127.0.0.1 at 2014-05-19 13:59:15 -0400


Started GET "/images/rails.png" for 127.0.0.1 at 2014-05-19 13:59:15 -0400

ActionController::RoutingError (No route matches [GET] "/images/rails.png"):
  actionpack (4.0.4) lib/action_dispatch/middleware/debug_exceptions.rb:21:in `call'
  actionpack (4.0.4) lib/action_dispatch/middleware/show_exceptions.rb:30:in `call'
  railties (4.0.4) lib/rails/rack/logger.rb:38:in `call_app'
  railties (4.0.4) lib/rails/rack/logger.rb:20:in `block in call'
  activesupport (4.0.4) lib/active_support/tagged_logging.rb:68:in `block in tagged'
  activesupport (4.0.4) lib/active_support/tagged_logging.rb:26:in `tagged'
  activesupport (4.0.4) lib/active_support/tagged_logging.rb:68:in `tagged'
  railties (4.0.4) lib/rails/rack/logger.rb:20:in `call'
  actionpack (4.0.4) lib/action_dispatch/middleware/request_id.rb:21:in `call'
  rack (1.5.2) lib/rack/methodoverride.rb:21:in `call'
  rack (1.5.2) lib/rack/runtime.rb:17:in `call'
  activesupport (4.0.4) lib/active_support/cache/strategy/local_cache.rb:83:in `call'
  rack (1.5.2) lib/rack/lock.rb:17:in `call'
  actionpack (4.0.4) lib/action_dispatch/middleware/static.rb:64:in `call'
  rack (1.5.2) lib/rack/sendfile.rb:112:in `call'
  railties (4.0.4) lib/rails/engine.rb:511:in `call'
  railties (4.0.4) lib/rails/application.rb:97:in `call'
  rack (1.5.2) lib/rack/lock.rb:17:in `call'
  rack (1.5.2) lib/rack/content_length.rb:14:in `call'
  rack (1.5.2) lib/rack/handler/webrick.rb:60:in `service'
  C:/RailsInstaller/Ruby1.9.3/lib/ruby/1.9.1/webrick/httpserver.rb:138:in `service'
  C:/RailsInstaller/Ruby1.9.3/lib/ruby/1.9.1/webrick/httpserver.rb:94:in `run'
  C:/RailsInstaller/Ruby1.9.3/lib/ruby/1.9.1/webrick/server.rb:191:in `block in start_thread'


  Rendered C:/RailsInstaller/Ruby1.9.3/lib/ruby/gems/1.9.1/gems/actionpack-4.0.4/lib/action_dispatch/middleware/templates/rescues/_trace.erb (2.0ms)
  Rendered C:/RailsInstaller/Ruby1.9.3/lib/ruby/gems/1.9.1/gems/actionpack-4.0.4/lib/action_dispatch/middleware/templates/routes/_route.html.erb (2.0ms)
  Rendered C:/RailsInstaller/Ruby1.9.3/lib/ruby/gems/1.9.1/gems/actionpack-4.0.4/lib/action_dispatch/middleware/templates/routes/_table.html.erb (1.0ms)
  Rendered C:/RailsInstaller/Ruby1.9.3/lib/ruby/gems/1.9.1/gems/actionpack-4.0.4/lib/action_dispatch/middleware/templates/rescues/routing_error.erb within rescues/layout (60.0ms)


Started GET "/static_pages/home.html" for 127.0.0.1 at 2014-05-19 13:59:57 -0400
Processing by StaticPagesController#home as HTML
  Rendered static_pages/home.html.erb within layouts/application (33.0ms)
  Rendered layouts/_shim.html.erb (0.0ms)
  Rendered layouts/_header.html.erb (1.0ms)
  Rendered layouts/_footer.html.erb (0.0ms)
Completed 200 OK in 68ms (Views: 67.0ms | ActiveRecord: 0.0ms)


Started GET "/assets/static_pages.css?body=1" for 127.0.0.1 at 2014-05-19 13:59:58 -0400


Started GET "/assets/custom.css?body=1" for 127.0.0.1 at 2014-05-19 13:59:58 -0400


Started GET "/assets/jquery.js?body=1" for 127.0.0.1 at 2014-05-19 13:59:58 -0400


Started GET "/assets/jquery_ujs.js?body=1" for 127.0.0.1 at 2014-05-19 13:59:58 -0400


Started GET "/assets/application.css?body=1" for 127.0.0.1 at 2014-05-19 13:59:58 -0400


Started GET "/assets/turbolinks.js?body=1" for 127.0.0.1 at 2014-05-19 13:59:58 -0400


Started GET "/assets/static_pages.js?body=1" for 127.0.0.1 at 2014-05-19 13:59:58 -0400


Started GET "/assets/application.js?body=1" for 127.0.0.1 at 2014-05-19 13:59:58 -0400


Started GET "/images/rails.png" for 127.0.0.1 at 2014-05-19 13:59:58 -0400

ActionController::RoutingError (No route matches [GET] "/images/rails.png"):
  actionpack (4.0.4) lib/action_dispatch/middleware/debug_exceptions.rb:21:in `call'
  actionpack (4.0.4) lib/action_dispatch/middleware/show_exceptions.rb:30:in `call'
  railties (4.0.4) lib/rails/rack/logger.rb:38:in `call_app'
  railties (4.0.4) lib/rails/rack/logger.rb:20:in `block in call'
  activesupport (4.0.4) lib/active_support/tagged_logging.rb:68:in `block in tagged'
  activesupport (4.0.4) lib/active_support/tagged_logging.rb:26:in `tagged'
  activesupport (4.0.4) lib/active_support/tagged_logging.rb:68:in `tagged'
  railties (4.0.4) lib/rails/rack/logger.rb:20:in `call'
  actionpack (4.0.4) lib/action_dispatch/middleware/request_id.rb:21:in `call'
  rack (1.5.2) lib/rack/methodoverride.rb:21:in `call'
  rack (1.5.2) lib/rack/runtime.rb:17:in `call'
  activesupport (4.0.4) lib/active_support/cache/strategy/local_cache.rb:83:in `call'
  rack (1.5.2) lib/rack/lock.rb:17:in `call'
  actionpack (4.0.4) lib/action_dispatch/middleware/static.rb:64:in `call'
  rack (1.5.2) lib/rack/sendfile.rb:112:in `call'
  railties (4.0.4) lib/rails/engine.rb:511:in `call'
  railties (4.0.4) lib/rails/application.rb:97:in `call'
  rack (1.5.2) lib/rack/lock.rb:17:in `call'
  rack (1.5.2) lib/rack/content_length.rb:14:in `call'
  rack (1.5.2) lib/rack/handler/webrick.rb:60:in `service'
  C:/RailsInstaller/Ruby1.9.3/lib/ruby/1.9.1/webrick/httpserver.rb:138:in `service'
  C:/RailsInstaller/Ruby1.9.3/lib/ruby/1.9.1/webrick/httpserver.rb:94:in `run'
  C:/RailsInstaller/Ruby1.9.3/lib/ruby/1.9.1/webrick/server.rb:191:in `block in start_thread'


  Rendered C:/RailsInstaller/Ruby1.9.3/lib/ruby/gems/1.9.1/gems/actionpack-4.0.4/lib/action_dispatch/middleware/templates/rescues/_trace.erb (2.0ms)
  Rendered C:/RailsInstaller/Ruby1.9.3/lib/ruby/gems/1.9.1/gems/actionpack-4.0.4/lib/action_dispatch/middleware/templates/routes/_route.html.erb (1.0ms)
  Rendered C:/RailsInstaller/Ruby1.9.3/lib/ruby/gems/1.9.1/gems/actionpack-4.0.4/lib/action_dispatch/middleware/templates/routes/_table.html.erb (2.0ms)
  Rendered C:/RailsInstaller/Ruby1.9.3/lib/ruby/gems/1.9.1/gems/actionpack-4.0.4/lib/action_dispatch/middleware/templates/rescues/routing_error.erb within rescues/layout (59.0ms)


Started GET "/static_pages/home.html" for 127.0.0.1 at 2014-05-19 14:12:52 -0400
Processing by StaticPagesController#home as HTML
  Rendered static_pages/home.html.erb within layouts/application (12.0ms)
DEPRECATION WARNING: asset_url with two arguments is deprecated. Use asset_url("glyphicons-halflings.png") instead. (called from _app_views_layouts_application_html_erb___707237112_31938252 at C:/Users/Antpile/Code/rails_projects/sample_app/app/views/layouts/application.html.erb:5)
DEPRECATION WARNING: asset_url with two arguments is deprecated. Use asset_url("glyphicons-halflings-white.png") instead. (called from _app_views_layouts_application_html_erb___707237112_31938252 at C:/Users/Antpile/Code/rails_projects/sample_app/app/views/layouts/application.html.erb:5)
  Rendered layouts/_shim.html.erb (0.0ms)
  Rendered layouts/_header.html.erb (0.0ms)
  Rendered layouts/_footer.html.erb (0.0ms)
Completed 200 OK in 957ms (Views: 956.1ms | ActiveRecord: 0.0ms)


Started GET "/assets/static_pages.css?body=1" for 127.0.0.1 at 2014-05-19 14:12:53 -0400


Started GET "/assets/jquery.js?body=1" for 127.0.0.1 at 2014-05-19 14:12:53 -0400


Started GET "/assets/application.css?body=1" for 127.0.0.1 at 2014-05-19 14:12:53 -0400


Started GET "/assets/custom.css?body=1" for 127.0.0.1 at 2014-05-19 14:12:53 -0400


Started GET "/assets/jquery_ujs.js?body=1" for 127.0.0.1 at 2014-05-19 14:12:53 -0400


Started GET "/assets/turbolinks.js?body=1" for 127.0.0.1 at 2014-05-19 14:12:53 -0400


Started GET "/assets/static_pages.js?body=1" for 127.0.0.1 at 2014-05-19 14:12:53 -0400


Started GET "/assets/application.js?body=1" for 127.0.0.1 at 2014-05-19 14:12:53 -0400


Started GET "/images/rails.png" for 127.0.0.1 at 2014-05-19 14:12:53 -0400

ActionController::RoutingError (No route matches [GET] "/images/rails.png"):
  actionpack (4.0.4) lib/action_dispatch/middleware/debug_exceptions.rb:21:in `call'
  actionpack (4.0.4) lib/action_dispatch/middleware/show_exceptions.rb:30:in `call'
  railties (4.0.4) lib/rails/rack/logger.rb:38:in `call_app'
  railties (4.0.4) lib/rails/rack/logger.rb:20:in `block in call'
  activesupport (4.0.4) lib/active_support/tagged_logging.rb:68:in `block in tagged'
  activesupport (4.0.4) lib/active_support/tagged_logging.rb:26:in `tagged'
  activesupport (4.0.4) lib/active_support/tagged_logging.rb:68:in `tagged'
  railties (4.0.4) lib/rails/rack/logger.rb:20:in `call'
  actionpack (4.0.4) lib/action_dispatch/middleware/request_id.rb:21:in `call'
  rack (1.5.2) lib/rack/methodoverride.rb:21:in `call'
  rack (1.5.2) lib/rack/runtime.rb:17:in `call'
  activesupport (4.0.4) lib/active_support/cache/strategy/local_cache.rb:83:in `call'
  rack (1.5.2) lib/rack/lock.rb:17:in `call'
  actionpack (4.0.4) lib/action_dispatch/middleware/static.rb:64:in `call'
  rack (1.5.2) lib/rack/sendfile.rb:112:in `call'
  railties (4.0.4) lib/rails/engine.rb:511:in `call'
  railties (4.0.4) lib/rails/application.rb:97:in `call'
  rack (1.5.2) lib/rack/lock.rb:17:in `call'
  rack (1.5.2) lib/rack/content_length.rb:14:in `call'
  rack (1.5.2) lib/rack/handler/webrick.rb:60:in `service'
  C:/RailsInstaller/Ruby1.9.3/lib/ruby/1.9.1/webrick/httpserver.rb:138:in `service'
  C:/RailsInstaller/Ruby1.9.3/lib/ruby/1.9.1/webrick/httpserver.rb:94:in `run'
  C:/RailsInstaller/Ruby1.9.3/lib/ruby/1.9.1/webrick/server.rb:191:in `block in start_thread'


  Rendered C:/RailsInstaller/Ruby1.9.3/lib/ruby/gems/1.9.1/gems/actionpack-4.0.4/lib/action_dispatch/middleware/templates/rescues/_trace.erb (2.0ms)
  Rendered C:/RailsInstaller/Ruby1.9.3/lib/ruby/gems/1.9.1/gems/actionpack-4.0.4/lib/action_dispatch/middleware/templates/routes/_route.html.erb (2.0ms)
  Rendered C:/RailsInstaller/Ruby1.9.3/lib/ruby/gems/1.9.1/gems/actionpack-4.0.4/lib/action_dispatch/middleware/templates/routes/_table.html.erb (2.0ms)
  Rendered C:/RailsInstaller/Ruby1.9.3/lib/ruby/gems/1.9.1/gems/actionpack-4.0.4/lib/action_dispatch/middleware/templates/rescues/routing_error.erb within rescues/layout (56.0ms)
  [1m[36m (3.0ms)[0m  [1mbegin transaction[0m
  [1m[35m (0.0ms)[0m  rollback transaction
  [1m[36m (0.0ms)[0m  [1mbegin transaction[0m
  [1m[35m (0.0ms)[0m  rollback transaction
  [1m[36m (1.0ms)[0m  [1mbegin transaction[0m
  [1m[35m (0.0ms)[0m  rollback transaction
  [1m[36m (35.0ms)[0m  [1mCREATE TABLE "schema_migrations" ("version" varchar(255) NOT NULL) [0m
  [1m[35m (16.0ms)[0m  CREATE UNIQUE INDEX "unique_schema_migrations" ON "schema_migrations" ("version")
  [1m[36mActiveRecord::SchemaMigration Load (0.0ms)[0m  [1mSELECT "schema_migrations".* FROM "schema_migrations"[0m
Migrating to CreateUsers (20140519233309)
  [1m[35m (0.0ms)[0m  begin transaction
  [1m[36m (2.0ms)[0m  [1mCREATE TABLE "users" ("id" INTEGER PRIMARY KEY AUTOINCREMENT NOT NULL, "name" varchar(255), "email" varchar(255), "created_at" datetime, "updated_at" datetime) [0m
  [1m[35mSQL (1.0ms)[0m  INSERT INTO "schema_migrations" ("version") VALUES (?)  [["version", "20140519233309"]]
  [1m[36m (11.0ms)[0m  [1mcommit transaction[0m
  [1m[35mActiveRecord::SchemaMigration Load (0.0ms)[0m  SELECT "schema_migrations".* FROM "schema_migrations"
  [1m[36m (1.0ms)[0m  [1mbegin transaction[0m
  [1m[35m (0.0ms)[0m  SAVEPOINT active_record_1
  [1m[36mSQL (844.0ms)[0m  [1mINSERT INTO "users" ("created_at", "email", "name", "updated_at") VALUES (?, ?, ?, ?)[0m  [["created_at", Wed, 21 May 2014 01:43:19 UTC +00:00], ["email", "max.silbiger@gmail.com"], ["name", "Max Silbiger"], ["updated_at", Wed, 21 May 2014 01:43:19 UTC +00:00]]
  [1m[35m (0.0ms)[0m  RELEASE SAVEPOINT active_record_1
  [1m[36m (10.0ms)[0m  [1mCREATE TABLE "users" ("id" INTEGER PRIMARY KEY AUTOINCREMENT NOT NULL, "name" varchar(255), "email" varchar(255), "created_at" datetime, "updated_at" datetime) [0m
  [1m[35m (8.0ms)[0m  CREATE TABLE "schema_migrations" ("version" varchar(255) NOT NULL) 
  [1m[36m (9.0ms)[0m  [1mCREATE UNIQUE INDEX "unique_schema_migrations" ON "schema_migrations" ("version")[0m
  [1m[35m (0.0ms)[0m  SELECT version FROM "schema_migrations"
  [1m[36m (11.0ms)[0m  [1mINSERT INTO "schema_migrations" (version) VALUES ('20140519233309')[0m
  [1m[36m (11.0ms)[0m  [1mbegin transaction[0m
  [1m[35m (0.0ms)[0m  SAVEPOINT active_record_1
  [1m[36m (1.0ms)[0m  [1mROLLBACK TO SAVEPOINT active_record_1[0m
  [1m[35m (1.0ms)[0m  SAVEPOINT active_record_1
  [1m[36m (0.0ms)[0m  [1mROLLBACK TO SAVEPOINT active_record_1[0m
  [1m[35m (0.0ms)[0m  rollback transaction
  [1m[36m (1.0ms)[0m  [1mbegin transaction[0m
  [1m[35m (0.0ms)[0m  rollback transaction
  [1m[36mActiveRecord::SchemaMigration Load (1.0ms)[0m  [1mSELECT "schema_migrations".* FROM "schema_migrations"[0m
Migrating to AddIndexToUsersEmail (20140521215009)
  [1m[35m (0.0ms)[0m  begin transaction
  [1m[36m (1.0ms)[0m  [1mCREATE UNIQUE INDEX "index_users_on_email" ON "users" ("email")[0m
  [1m[35mSQL (0.0ms)[0m  INSERT INTO "schema_migrations" ("version") VALUES (?)  [["version", "20140521215009"]]
  [1m[36m (7.0ms)[0m  [1mcommit transaction[0m
  [1m[35mActiveRecord::SchemaMigration Load (0.0ms)[0m  SELECT "schema_migrations".* FROM "schema_migrations"
  [1m[36mActiveRecord::SchemaMigration Load (1.0ms)[0m  [1mSELECT "schema_migrations".* FROM "schema_migrations"[0m
Migrating to AddPasswordDigestToUsers (20140521220012)
  [1m[35m (0.0ms)[0m  begin transaction
  [1m[36m (39.0ms)[0m  [1mALTER TABLE "users" ADD "password_digest" varchar(255)[0m
  [1m[35mSQL (0.0ms)[0m  INSERT INTO "schema_migrations" ("version") VALUES (?)  [["version", "20140521220012"]]
  [1m[36m (10.0ms)[0m  [1mcommit transaction[0m
  [1m[35mActiveRecord::SchemaMigration Load (1.0ms)[0m  SELECT "schema_migrations".* FROM "schema_migrations"
  [1m[36m (63.0ms)[0m  [1mCREATE TABLE "users" ("id" INTEGER PRIMARY KEY AUTOINCREMENT NOT NULL, "name" varchar(255), "email" varchar(255), "created_at" datetime, "updated_at" datetime, "password_digest" varchar(255)) [0m
  [1m[35m (94.0ms)[0m  CREATE UNIQUE INDEX "index_users_on_email" ON "users" ("email")
  [1m[36m (13.0ms)[0m  [1mCREATE TABLE "schema_migrations" ("version" varchar(255) NOT NULL) [0m
  [1m[35m (11.0ms)[0m  CREATE UNIQUE INDEX "unique_schema_migrations" ON "schema_migrations" ("version")
  [1m[36m (0.0ms)[0m  [1mSELECT version FROM "schema_migrations"[0m
  [1m[35m (11.0ms)[0m  INSERT INTO "schema_migrations" (version) VALUES ('20140521220012')
  [1m[36m (12.0ms)[0m  [1mINSERT INTO "schema_migrations" (version) VALUES ('20140519233309')[0m
  [1m[35m (11.0ms)[0m  INSERT INTO "schema_migrations" (version) VALUES ('20140521215009')
  [1m[36m (14.0ms)[0m  [1mCREATE TABLE "users" ("id" INTEGER PRIMARY KEY AUTOINCREMENT NOT NULL, "name" varchar(255), "email" varchar(255), "created_at" datetime, "updated_at" datetime, "password_digest" varchar(255)) [0m
  [1m[35m (51.0ms)[0m  CREATE UNIQUE INDEX "index_users_on_email" ON "users" ("email")
  [1m[36m (12.0ms)[0m  [1mCREATE TABLE "schema_migrations" ("version" varchar(255) NOT NULL) [0m
  [1m[35m (38.0ms)[0m  CREATE UNIQUE INDEX "unique_schema_migrations" ON "schema_migrations" ("version")
  [1m[36m (1.0ms)[0m  [1mSELECT version FROM "schema_migrations"[0m
  [1m[35m (12.0ms)[0m  INSERT INTO "schema_migrations" (version) VALUES ('20140521220012')
  [1m[36m (13.0ms)[0m  [1mINSERT INTO "schema_migrations" (version) VALUES ('20140519233309')[0m
  [1m[35m (17.0ms)[0m  INSERT INTO "schema_migrations" (version) VALUES ('20140521215009')
  [1m[36mActiveRecord::SchemaMigration Load (0.0ms)[0m  [1mSELECT "schema_migrations".* FROM "schema_migrations"[0m
  [1m[36m (989.1ms)[0m  [1mCREATE TABLE "users" ("id" INTEGER PRIMARY KEY AUTOINCREMENT NOT NULL, "name" varchar(255), "email" varchar(255), "created_at" datetime, "updated_at" datetime, "password_digest" varchar(255)) [0m
  [1m[35m (75.0ms)[0m  CREATE UNIQUE INDEX "index_users_on_email" ON "users" ("email")
  [1m[36m (26.0ms)[0m  [1mCREATE TABLE "schema_migrations" ("version" varchar(255) NOT NULL) [0m
  [1m[35m (18.0ms)[0m  CREATE UNIQUE INDEX "unique_schema_migrations" ON "schema_migrations" ("version")
  [1m[36m (1.0ms)[0m  [1mSELECT version FROM "schema_migrations"[0m
  [1m[35m (33.0ms)[0m  INSERT INTO "schema_migrations" (version) VALUES ('20140521220012')
  [1m[36m (29.0ms)[0m  [1mINSERT INTO "schema_migrations" (version) VALUES ('20140519233309')[0m
  [1m[35m (13.0ms)[0m  INSERT INTO "schema_migrations" (version) VALUES ('20140521215009')
  [1m[36mActiveRecord::SchemaMigration Load (1.0ms)[0m  [1mSELECT "schema_migrations".* FROM "schema_migrations"[0m
Migrating to AddRememberTokenToUsers (20140603205138)
  [1m[35m (0.0ms)[0m  begin transaction
  [1m[36m (1.0ms)[0m  [1mALTER TABLE "users" ADD "remember_token" varchar(255)[0m
  [1m[35m (0.0ms)[0m  CREATE INDEX "index_users_on_remember_token" ON "users" ("remember_token")
  [1m[36mSQL (0.0ms)[0m  [1mINSERT INTO "schema_migrations" ("version") VALUES (?)[0m  [["version", "20140603205138"]]
  [1m[35m (27.7ms)[0m  commit transaction
  [1m[36mActiveRecord::SchemaMigration Load (0.0ms)[0m  [1mSELECT "schema_migrations".* FROM "schema_migrations"[0m
  [1m[36m (14.1ms)[0m  [1mCREATE TABLE "users" ("id" INTEGER PRIMARY KEY AUTOINCREMENT NOT NULL, "name" varchar(255), "email" varchar(255), "created_at" datetime, "updated_at" datetime, "password_digest" varchar(255), "remember_token" varchar(255)) [0m
  [1m[35m (10.6ms)[0m  CREATE UNIQUE INDEX "index_users_on_email" ON "users" ("email")
  [1m[36m (11.0ms)[0m  [1mCREATE INDEX "index_users_on_remember_token" ON "users" ("remember_token")[0m
  [1m[35m (11.2ms)[0m  CREATE TABLE "schema_migrations" ("version" varchar(255) NOT NULL) 
  [1m[36m (10.2ms)[0m  [1mCREATE UNIQUE INDEX "unique_schema_migrations" ON "schema_migrations" ("version")[0m
  [1m[35m (0.0ms)[0m  SELECT version FROM "schema_migrations"
  [1m[36m (12.2ms)[0m  [1mINSERT INTO "schema_migrations" (version) VALUES ('20140603205138')[0m
  [1m[35m (11.2ms)[0m  INSERT INTO "schema_migrations" (version) VALUES ('20140519233309')
  [1m[36m (10.5ms)[0m  [1mINSERT INTO "schema_migrations" (version) VALUES ('20140521215009')[0m
  [1m[35m (10.1ms)[0m  INSERT INTO "schema_migrations" (version) VALUES ('20140521220012')
  [1m[36mActiveRecord::SchemaMigration Load (0.0ms)[0m  [1mSELECT "schema_migrations".* FROM "schema_migrations"[0m
Migrating to AddAdminToUsers (20140605003941)
  [1m[35m (1.0ms)[0m  begin transaction
  [1m[36m (3.0ms)[0m  [1mALTER TABLE "users" ADD "admin" boolean[0m
  [1m[35mSQL (1.0ms)[0m  INSERT INTO "schema_migrations" ("version") VALUES (?)  [["version", "20140605003941"]]
  [1m[36m (11.0ms)[0m  [1mcommit transaction[0m
  [1m[35mActiveRecord::SchemaMigration Load (1.0ms)[0m  SELECT "schema_migrations".* FROM "schema_migrations"
  [1m[36m (11.1ms)[0m  [1mCREATE TABLE "users" ("id" INTEGER PRIMARY KEY AUTOINCREMENT NOT NULL, "name" varchar(255), "email" varchar(255), "created_at" datetime, "updated_at" datetime, "password_digest" varchar(255), "remember_token" varchar(255), "admin" boolean) [0m
  [1m[35m (10.5ms)[0m  CREATE UNIQUE INDEX "index_users_on_email" ON "users" ("email")
  [1m[36m (11.8ms)[0m  [1mCREATE INDEX "index_users_on_remember_token" ON "users" ("remember_token")[0m
  [1m[35m (13.2ms)[0m  CREATE TABLE "schema_migrations" ("version" varchar(255) NOT NULL) 
  [1m[36m (12.0ms)[0m  [1mCREATE UNIQUE INDEX "unique_schema_migrations" ON "schema_migrations" ("version")[0m
  [1m[35m (1.0ms)[0m  SELECT version FROM "schema_migrations"
  [1m[36m (12.3ms)[0m  [1mINSERT INTO "schema_migrations" (version) VALUES ('20140605003941')[0m
  [1m[35m (13.1ms)[0m  INSERT INTO "schema_migrations" (version) VALUES ('20140519233309')
  [1m[36m (12.1ms)[0m  [1mINSERT INTO "schema_migrations" (version) VALUES ('20140521215009')[0m
  [1m[35m (10.5ms)[0m  INSERT INTO "schema_migrations" (version) VALUES ('20140521220012')
  [1m[36m (10.9ms)[0m  [1mINSERT INTO "schema_migrations" (version) VALUES ('20140603205138')[0m
  [1m[35mActiveRecord::SchemaMigration Load (0.0ms)[0m  SELECT "schema_migrations".* FROM "schema_migrations"
  [1m[36mActiveRecord::SchemaMigration Load (0.0ms)[0m  [1mSELECT "schema_migrations".* FROM "schema_migrations"[0m
Migrating to CreateMicroposts (20140605192000)
  [1m[35m (0.0ms)[0m  begin transaction
  [1m[36m (1.0ms)[0m  [1mCREATE TABLE "microposts" ("id" INTEGER PRIMARY KEY AUTOINCREMENT NOT NULL, "content" varchar(255), "user_id" integer, "created_at" datetime, "updated_at" datetime) [0m
  [1m[35m (0.0ms)[0m  CREATE INDEX "index_microposts_on_user_id_and_created_at" ON "microposts" ("user_id", "created_at")
  [1m[36mSQL (0.0ms)[0m  [1mINSERT INTO "schema_migrations" ("version") VALUES (?)[0m  [["version", "20140605192000"]]
  [1m[35m (23.2ms)[0m  commit transaction
  [1m[36mActiveRecord::SchemaMigration Load (0.0ms)[0m  [1mSELECT "schema_migrations".* FROM "schema_migrations"[0m
  [1m[36mActiveRecord::SchemaMigration Load (0.0ms)[0m  [1mSELECT "schema_migrations".* FROM "schema_migrations"[0m
Migrating to CreateRelationships (20140605224251)
  [1m[35m (0.0ms)[0m  begin transaction
  [1m[36m (2.0ms)[0m  [1mCREATE TABLE "relationships" ("id" INTEGER PRIMARY KEY AUTOINCREMENT NOT NULL, "follower_id" integer, "followed_id" integer, "created_at" datetime, "updated_at" datetime) [0m
  [1m[35m (1.0ms)[0m  CREATE INDEX "index_relationships_on_follower_id" ON "relationships" ("follower_id")
  [1m[36m (1.0ms)[0m  [1mCREATE INDEX "index_relationships_on_followed_id" ON "relationships" ("followed_id")[0m
  [1m[35m (0.0ms)[0m  CREATE UNIQUE INDEX "index_relationships_on_follower_id_and_follwed_id" ON "relationships" ("follower_id", "follwed_id")
SQLite3::SQLException: table relationships has no column named follwed_id: CREATE UNIQUE INDEX "index_relationships_on_follower_id_and_follwed_id" ON "relationships" ("follower_id", "follwed_id")
  [1m[36m (1.0ms)[0m  [1mrollback transaction[0m
